--------------------------------------------------------------------------------
 ../../cmd/sed/.libs/qsesed -n -f 001.sed 001.dat </dev/stdin 2>&1 
--------------------------------------------------------------------------------
ab...c AAA

de...f
gh...i AAA1

jk...l
mn...o
pq...r AAA2



kbs ddd
dif cccc
--------------------------------------------------------------------------------
 ../../cmd/sed/.libs/qsesed  -f 002.sed 002.dat </dev/stdin 2>&1 
--------------------------------------------------------------------------------
ab...c AAA

de...f
gh...i AAA1

jk...l
mn...o
pq...r AAA2



kbs ddd
dif cccc
--------------------------------------------------------------------------------
 ../../cmd/sed/.libs/qsesed  -f 003.sed 003.dat </dev/stdin 2>&1 
--------------------------------------------------------------------------------
ab...c AAA

de...f
gh...i AAA1

jk...l
mn...o
pq...r AAA2



kbs ddd
dif cccc
--------------------------------------------------------------------------------
 ../../cmd/sed/.libs/qsesed  -f 004.sed 004.dat </dev/stdin 2>&1 
--------------------------------------------------------------------------------
linux {
HOST: com.com
ADDRESS: 45.34.34.33
}


linux {
HOST: com.com
ADDRESS: 45.34.34.33
}
