--------------------------------------------------------------------------------
../../cmd/awk/qseawk  -f cou-001.awk cou.dat </dev/stdin 2>&1 
--------------------------------------------------------------------------------
USSR 275
Canada 25
China 1032
USA 237
Brazil 134
India 746
Mexico 78
France 55
Japan 120
Germany 61
England 56
--------------------------------------------------------------------------------
../../cmd/awk/qseawk  -f cou-002.awk cou.dat </dev/stdin 2>&1 
--------------------------------------------------------------------------------
   COUNTRY   AREA   POP    CONTINENT

      USSR   8649   275    Asia
    Canada   3852    25    North America
     China   3705  1032    Asia
       USA   3615   237    North America
    Brazil   3286   134    South America
     India   1267   746    Asia
    Mexico    762    78    North America
    France    211    55    Europe
     Japan    144   120    Asia
   Germany     96    61    Europe
   England     94    56    Europe

     TOTAL  25681  2819
--------------------------------------------------------------------------------
../../cmd/awk/qseawk  -f cou-003.awk cou.dat </dev/stdin 2>&1 
--------------------------------------------------------------------------------
India	1267	746	Asia
Japan	144	120	Asia
Germany	96	61	Europe
England	94	56	Europe
--------------------------------------------------------------------------------
../../cmd/awk/qseawk  -f cou-004.awk cou.dat </dev/stdin 2>&1 
--------------------------------------------------------------------------------
USSR	8649	275	Asia
USA	3615	237	North America
Mexico	762	78	North America
--------------------------------------------------------------------------------
../../cmd/awk/qseawk  -f cou-005.awk cou.dat </dev/stdin 2>&1 
--------------------------------------------------------------------------------
Canada	3852	25	North America
Brazil	3286	134	South America
Mexico	762	78	North America
England	94	56	Europe
--------------------------------------------------------------------------------
../../cmd/awk/qseawk  -f cou-006.awk cou.dat </dev/stdin 2>&1 
--------------------------------------------------------------------------------
--------------------------------------------------------------------------------
../../cmd/awk/qseawk  -f cou-007.awk cou.dat </dev/stdin 2>&1 
--------------------------------------------------------------------------------
USSR	8649	275	Asia
China	3705	1032	Asia
India	1267	746	Asia
Japan	144	120	Asia
--------------------------------------------------------------------------------
../../cmd/awk/qseawk  -f cou-008.awk cou.dat </dev/stdin 2>&1 
--------------------------------------------------------------------------------
USSR	8649	275	Asia
China	3705	1032	Asia
India	1267	746	Asia
Japan	144	120	Asia
--------------------------------------------------------------------------------
../../cmd/awk/qseawk  -f cou-009.awk cou.dat </dev/stdin 2>&1 
--------------------------------------------------------------------------------
Canada	3852	25	North America
USA	3615	237	North America
Brazil	3286	134	South America
Mexico	762	78	North America
France	211	55	Europe
Germany	96	61	Europe
England	94	56	Europe
--------------------------------------------------------------------------------
../../cmd/awk/qseawk  -f cou-010.awk cou.dat </dev/stdin 2>&1 
--------------------------------------------------------------------------------
USSR	8649	275	Asia
China	3705	1032	Asia
India	1267	746	Asia
Japan	144	120	Asia
--------------------------------------------------------------------------------
../../cmd/awk/qseawk  -f cou-011.awk cou.dat </dev/stdin 2>&1 
--------------------------------------------------------------------------------
--------------------------------------------------------------------------------
../../cmd/awk/qseawk  -f cou-012.awk cou.dat </dev/stdin 2>&1 
--------------------------------------------------------------------------------
China	3705	1032	Asia
India	1267	746	Asia
--------------------------------------------------------------------------------
../../cmd/awk/qseawk  -f cou-013.awk cou.dat </dev/stdin 2>&1 
--------------------------------------------------------------------------------
USSR	8649	275	Asia
China	3705	1032	Asia
India	1267	746	Asia
France	211	55	Europe
Japan	144	120	Asia
Germany	96	61	Europe
England	94	56	Europe
--------------------------------------------------------------------------------
../../cmd/awk/qseawk  -f cou-014.awk cou.dat </dev/stdin 2>&1 
--------------------------------------------------------------------------------
USSR	8649	275	Asia
China	3705	1032	Asia
India	1267	746	Asia
France	211	55	Europe
Japan	144	120	Asia
Germany	96	61	Europe
England	94	56	Europe
--------------------------------------------------------------------------------
../../cmd/awk/qseawk  -f cou-015.awk cou.dat </dev/stdin 2>&1 
--------------------------------------------------------------------------------
USSR	8649	275	Asia
China	3705	1032	Asia
India	1267	746	Asia
France	211	55	Europe
Japan	144	120	Asia
Germany	96	61	Europe
England	94	56	Europe
--------------------------------------------------------------------------------
../../cmd/awk/qseawk  -f cou-016.awk cou.dat </dev/stdin 2>&1 
--------------------------------------------------------------------------------
USSR	8649	275	Asia
China	3705	1032	Asia
India	1267	746	Asia
France	211	55	Europe
Japan	144	120	Asia
Germany	96	61	Europe
England	94	56	Europe
--------------------------------------------------------------------------------
../../cmd/awk/qseawk  -f cou-017.awk cou.dat </dev/stdin 2>&1 
--------------------------------------------------------------------------------
Canada	3852	25	North America
China	3705	1032	Asia
USA	3615	237	North America
--------------------------------------------------------------------------------
../../cmd/awk/qseawk  -f cou-018.awk cou.dat </dev/stdin 2>&1 
--------------------------------------------------------------------------------
--------------------------------------------------------------------------------
../../cmd/awk/qseawk  -f cou-019.awk cou.dat </dev/stdin 2>&1 
--------------------------------------------------------------------------------
cou.dat: USSR	8649	275	Asia
cou.dat: Canada	3852	25	North America
cou.dat: China	3705	1032	Asia
cou.dat: USA	3615	237	North America
cou.dat: Brazil	3286	134	South America
--------------------------------------------------------------------------------
../../cmd/awk/qseawk  -f cou-020.awk cou.dat </dev/stdin 2>&1 
--------------------------------------------------------------------------------
cou.dat: USSR	8649	275	Asia
cou.dat: Canada	3852	25	North America
cou.dat: China	3705	1032	Asia
cou.dat: USA	3615	237	North America
cou.dat: Brazil	3286	134	South America
--------------------------------------------------------------------------------
../../cmd/awk/qseawk  -f cou-021.awk cou.dat </dev/stdin 2>&1 
--------------------------------------------------------------------------------
USSR 8649000
China 3705000
India 1267000
Japan 144000
--------------------------------------------------------------------------------
../../cmd/awk/qseawk  -f cou-022.awk cou.dat </dev/stdin 2>&1 
--------------------------------------------------------------------------------
USSR	8649	275	Asia
Canada	3852	25	NA
China	3705	1032	Asia
USA	3615	237	NA
Brazil	3286	134	SA
India	1267	746	Asia
Mexico	762	78	NA
France	211	55	Europe
Japan	144	120	Asia
Germany	96	61	Europe
England	94	56	Europe
--------------------------------------------------------------------------------
../../cmd/awk/qseawk  -f cou-023.awk cou.dat </dev/stdin 2>&1 
--------------------------------------------------------------------------------
USSR	8649	275	Asia	31.7956
Canada	3852	25	North America	6.49013
China	3705	1032	Asia	278.543
USA	3615	237	North America	65.5602
Brazil	3286	134	South America	40.7791
India	1267	746	Asia	588.792
Mexico	762	78	North America	102.362
France	211	55	Europe	260.664
Japan	144	120	Asia	833.333
Germany	96	61	Europe	635.417
England	94	56	Europe	595.745
--------------------------------------------------------------------------------
../../cmd/awk/qseawk  -f cou-024.awk cou.dat </dev/stdin 2>&1 
--------------------------------------------------------------------------------
Total population of the 4 Asian countries is 2173 million.
--------------------------------------------------------------------------------
../../cmd/awk/qseawk  -f cou-025.awk cou.dat </dev/stdin 2>&1 
--------------------------------------------------------------------------------
Asian population is 2173 million.
European population is 172 million.
--------------------------------------------------------------------------------
../../cmd/awk/qseawk  -f cou-026.awk cou.dat </dev/stdin 2>&1 
--------------------------------------------------------------------------------
Asia 2173
Europe 172
North America 340
South America 134
--------------------------------------------------------------------------------
../../cmd/awk/qseawk  -f cou-027.awk cou.dat </dev/stdin 2>&1 
--------------------------------------------------------------------------------
           Asia	  2173
  North America	   340
         Europe	   172
  South America	   134
--------------------------------------------------------------------------------
../../cmd/awk/qseawk  -f emp-001.awk emp.dat </dev/stdin 2>&1 
--------------------------------------------------------------------------------
Kathy 40
Mark 100
Mary 121
Susie 76.5
--------------------------------------------------------------------------------
../../cmd/awk/qseawk  -f emp-002.awk emp.dat </dev/stdin 2>&1 
--------------------------------------------------------------------------------
Beth
Dan
--------------------------------------------------------------------------------
../../cmd/awk/qseawk  -f emp-003.awk emp.dat </dev/stdin 2>&1 
--------------------------------------------------------------------------------
3 Beth 0
3 Dan 0
3 Kathy 10
3 Mark 20
3 Mary 22
3 Susie 18
--------------------------------------------------------------------------------
../../cmd/awk/qseawk  -f emp-004.awk emp.dat </dev/stdin 2>&1 
--------------------------------------------------------------------------------
1 Beth	4.00	0
2 Dan	3.74	0
3 Kathy	4.00	10
4 Mark	5.00	20
5 Mary	5.50	22
6 Susie	4.25	18
--------------------------------------------------------------------------------
../../cmd/awk/qseawk  -f emp-005.awk emp.dat </dev/stdin 2>&1 
--------------------------------------------------------------------------------
total pay for Beth is 0
total pay for Dan is 0
total pay for Kathy is 40
total pay for Mark is 100
total pay for Mary is 121
total pay for Susie is 76.5
--------------------------------------------------------------------------------
../../cmd/awk/qseawk  -f emp-006.awk emp.dat </dev/stdin 2>&1 
--------------------------------------------------------------------------------
total pay for Beth is $0.00
total pay for Dan is $0.00
total pay for Kathy is $40.00
total pay for Mark is $100.00
total pay for Mary is $121.00
total pay for Susie is $76.50
--------------------------------------------------------------------------------
../../cmd/awk/qseawk  -f emp-007.awk emp.dat </dev/stdin 2>&1 
--------------------------------------------------------------------------------
Beth     $  0.00
Dan      $  0.00
Kathy    $ 40.00
Mark     $100.00
Mary     $121.00
Susie    $ 76.50
--------------------------------------------------------------------------------
../../cmd/awk/qseawk  -f emp-008.awk emp.dat </dev/stdin 2>&1 
--------------------------------------------------------------------------------
Mark	5.00	20
Mary	5.50	22
--------------------------------------------------------------------------------
../../cmd/awk/qseawk  -f emp-009.awk emp.dat </dev/stdin 2>&1 
--------------------------------------------------------------------------------
$100.00 for Mark
$121.00 for Mary
$76.50 for Susie
--------------------------------------------------------------------------------
../../cmd/awk/qseawk  -f emp-010.awk emp.dat </dev/stdin 2>&1 
--------------------------------------------------------------------------------
Susie	4.25	18
--------------------------------------------------------------------------------
../../cmd/awk/qseawk  -f emp-011.awk emp.dat </dev/stdin 2>&1 
--------------------------------------------------------------------------------
Susie	4.25	18
--------------------------------------------------------------------------------
../../cmd/awk/qseawk  -f emp-012.awk emp.dat </dev/stdin 2>&1 
--------------------------------------------------------------------------------
Beth	4.00	0
Kathy	4.00	10
Mark	5.00	20
Mary	5.50	22
Susie	4.25	18
--------------------------------------------------------------------------------
../../cmd/awk/qseawk  -f emp-013.awk emp.dat </dev/stdin 2>&1 
--------------------------------------------------------------------------------
Beth	4.00	0
Kathy	4.00	10
Mark	5.00	20
Mark	5.00	20
Mary	5.50	22
Mary	5.50	22
Susie	4.25	18
--------------------------------------------------------------------------------
../../cmd/awk/qseawk  -f emp-014.awk emp.dat </dev/stdin 2>&1 
--------------------------------------------------------------------------------
Beth	4.00	0
Kathy	4.00	10
Mark	5.00	20
Mary	5.50	22
Susie	4.25	18
--------------------------------------------------------------------------------
../../cmd/awk/qseawk  -f emp-015.awk emp.dat </dev/stdin 2>&1 
--------------------------------------------------------------------------------
--------------------------------------------------------------------------------
../../cmd/awk/qseawk  -f emp-016.awk emp.dat </dev/stdin 2>&1 
--------------------------------------------------------------------------------
NAME    RATE    HOURS

Beth	4.00	0
Dan	3.74	0
Kathy	4.00	10
Mark	5.00	20
Mary	5.50	22
Susie	4.25	18
--------------------------------------------------------------------------------
../../cmd/awk/qseawk  -f emp-017.awk emp.dat </dev/stdin 2>&1 
--------------------------------------------------------------------------------
3 employees worked more than 15 hours
--------------------------------------------------------------------------------
../../cmd/awk/qseawk  -f emp-018.awk emp.dat </dev/stdin 2>&1 
--------------------------------------------------------------------------------
6 employees
--------------------------------------------------------------------------------
../../cmd/awk/qseawk  -f emp-019.awk emp.dat </dev/stdin 2>&1 
--------------------------------------------------------------------------------
6 employees
total pay is 337.5
average pay is 56.25
--------------------------------------------------------------------------------
../../cmd/awk/qseawk  -f emp-020.awk emp.dat </dev/stdin 2>&1 
--------------------------------------------------------------------------------
highest hourly rage: 5.50 for Mary
--------------------------------------------------------------------------------
../../cmd/awk/qseawk  -f emp-021.awk emp.dat </dev/stdin 2>&1 
--------------------------------------------------------------------------------
Beth Dan Kathy Mark Mary Susie 
--------------------------------------------------------------------------------
../../cmd/awk/qseawk  -f emp-022.awk emp.dat </dev/stdin 2>&1 
--------------------------------------------------------------------------------
Susie	4.25	18
--------------------------------------------------------------------------------
../../cmd/awk/qseawk  -f emp-023.awk emp.dat </dev/stdin 2>&1 
--------------------------------------------------------------------------------
Beth 4
Dan 3
Kathy 5
Mark 4
Mary 4
Susie 5
--------------------------------------------------------------------------------
../../cmd/awk/qseawk  -f emp-024.awk emp.dat </dev/stdin 2>&1 
--------------------------------------------------------------------------------
6 lines, 18 words, 77 characters
--------------------------------------------------------------------------------
../../cmd/awk/qseawk  -f emp-025.awk emp.dat </dev/stdin 2>&1 
--------------------------------------------------------------------------------
no employees are paid more than $6/hour
--------------------------------------------------------------------------------
../../cmd/awk/qseawk  -f emp-026.awk emp.dat </dev/stdin 2>&1 
--------------------------------------------------------------------------------
Susie	4.25	18
Mary	5.50	22
Mark	5.00	20
Kathy	4.00	10
Dan	3.74	0
Beth	4.00	0
--------------------------------------------------------------------------------
../../cmd/awk/qseawk  -f emp-027.awk emp.dat </dev/stdin 2>&1 
--------------------------------------------------------------------------------
Susie	4.25	18
Mary	5.50	22
Mark	5.00	20
Kathy	4.00	10
Dan	3.74	0
Beth	4.00	0
--------------------------------------------------------------------------------
../../cmd/awk/qseawk  -f adr-001.awk adr.dat </dev/stdin 2>&1 
--------------------------------------------------------------------------------
James Brown 012-345-678
Richie Ren 02-3473-9192
Toh WeeKung 9102-1203
--------------------------------------------------------------------------------
../../cmd/awk/qseawk  -f adr-002.awk adr.dat </dev/stdin 2>&1 
--------------------------------------------------------------------------------
James Brown Somewhere over the rainbow 012-345-678
Toh WeeKung Singapore 9102-1203
--------------------------------------------------------------------------------
../../cmd/awk/qseawk  -f unr-001.awk unr.dat </dev/stdin 2>&1 
--------------------------------------------------------------------------------
Beth	4	0
Dan	3.74	0
0	4.00	10
Mark	5.00	20
Mary	5.5	22
Susie	4.25	18
--------------------------------------------------------------------------------
../../cmd/awk/qseawk --strictnaming=off --newline=on -o- -f lang-001.awk  </dev/stdin 2>&1 
--------------------------------------------------------------------------------
function f (__p0)
{
	print __p0;
}

BEGIN {
	f ("hello");
}

hello
--------------------------------------------------------------------------------
../../cmd/awk/qseawk --newline=on -o- -f lang-002.awk  </dev/stdin 2>&1 
--------------------------------------------------------------------------------
function f (__p0)
{
	print __p0;
	f ("my hello");
}

BEGIN {
	f (10);
}

10
my hello
my hello
my hello
my hello
my hello
my hello
my hello
my hello
my hello
my hello
my hello
my hello
my hello
my hello
my hello
my hello
my hello
my hello
my hello
my hello
my hello
my hello
my hello
my hello
my hello
my hello
my hello
my hello
my hello
my hello
my hello
my hello
my hello
my hello
my hello
my hello
my hello
my hello
my hello
my hello
my hello
my hello
my hello
my hello
my hello
my hello
my hello
my hello
my hello
my hello
my hello
my hello
my hello
my hello
my hello
my hello
my hello
my hello
my hello
my hello
my hello
my hello
my hello
my hello
my hello
my hello
my hello
my hello
my hello
my hello
my hello
my hello
my hello
my hello
my hello
my hello
my hello
my hello
my hello
my hello
my hello
my hello
my hello
my hello
my hello
my hello
my hello
my hello
my hello
my hello
my hello
my hello
my hello
my hello
my hello
my hello
my hello
my hello
my hello
my hello
my hello
my hello
my hello
my hello
my hello
my hello
my hello
my hello
my hello
my hello
my hello
my hello
my hello
my hello
my hello
my hello
my hello
my hello
my hello
my hello
my hello
my hello
my hello
my hello
my hello
my hello
my hello
my hello
my hello
my hello
my hello
my hello
my hello
my hello
my hello
my hello
my hello
my hello
my hello
my hello
my hello
my hello
my hello
my hello
my hello
my hello
my hello
my hello
my hello
my hello
my hello
my hello
my hello
my hello
my hello
my hello
my hello
my hello
my hello
my hello
my hello
my hello
my hello
my hello
my hello
my hello
my hello
my hello
my hello
my hello
my hello
my hello
my hello
my hello
my hello
my hello
my hello
my hello
my hello
my hello
my hello
my hello
my hello
my hello
my hello
my hello
my hello
my hello
my hello
my hello
my hello
my hello
my hello
my hello
my hello
my hello
my hello
my hello
my hello
my hello
my hello
my hello
my hello
my hello
my hello
my hello
my hello
my hello
my hello
my hello
my hello
my hello
my hello
my hello
my hello
my hello
my hello
my hello
my hello
my hello
my hello
my hello
my hello
my hello
my hello
my hello
my hello
my hello
my hello
my hello
my hello
my hello
my hello
my hello
my hello
my hello
my hello
my hello
my hello
my hello
my hello
my hello
my hello
my hello
my hello
my hello
my hello
my hello
my hello
my hello
my hello
my hello
my hello
my hello
my hello
my hello
my hello
my hello
my hello
my hello
my hello
my hello
my hello
my hello
my hello
my hello
my hello
my hello
my hello
my hello
my hello
my hello
my hello
my hello
my hello
my hello
my hello
my hello
my hello
my hello
my hello
my hello
my hello
my hello
my hello
my hello
my hello
my hello
my hello
my hello
my hello
my hello
my hello
my hello
my hello
my hello
my hello
my hello
my hello
my hello
my hello
my hello
my hello
my hello
my hello
my hello
my hello
my hello
my hello
my hello
my hello
my hello
my hello
my hello
my hello
my hello
my hello
my hello
my hello
my hello
my hello
my hello
my hello
my hello
my hello
my hello
my hello
my hello
my hello
my hello
my hello
my hello
my hello
my hello
my hello
my hello
my hello
my hello
my hello
my hello
my hello
my hello
my hello
my hello
my hello
my hello
my hello
my hello
my hello
my hello
my hello
my hello
my hello
my hello
my hello
my hello
my hello
my hello
my hello
my hello
my hello
my hello
my hello
my hello
my hello
my hello
my hello
my hello
my hello
my hello
my hello
my hello
my hello
my hello
my hello
my hello
my hello
my hello
my hello
my hello
my hello
my hello
my hello
my hello
my hello
my hello
my hello
my hello
my hello
my hello
my hello
my hello
my hello
my hello
my hello
my hello
my hello
my hello
my hello
my hello
my hello
my hello
my hello
my hello
my hello
my hello
my hello
my hello
my hello
my hello
my hello
my hello
my hello
my hello
my hello
my hello
my hello
my hello
my hello
my hello
my hello
my hello
my hello
my hello
my hello
my hello
my hello
my hello
my hello
my hello
my hello
my hello
my hello
my hello
my hello
my hello
my hello
my hello
my hello
my hello
my hello
my hello
my hello
my hello
my hello
my hello
my hello
my hello
my hello
my hello
my hello
my hello
my hello
my hello
my hello
my hello
my hello
my hello
my hello
my hello
my hello
my hello
my hello
my hello
my hello
my hello
my hello
my hello
my hello
my hello
my hello
my hello
my hello
my hello
my hello
my hello
my hello
my hello
my hello
my hello
my hello
my hello
my hello
my hello
my hello
my hello
my hello
my hello
my hello
my hello
my hello
my hello
my hello
my hello
my hello
my hello
my hello
my hello
ERROR: CODE 15 LINE 6 COLUMN 1 - block nested too deeply
--------------------------------------------------------------------------------
../../cmd/awk/qseawk --newline=on -o- -f lang-003.awk  </dev/stdin 2>&1 
--------------------------------------------------------------------------------
function fn (__p0)
{
	__p0 = 20;
}

BEGIN {
	f = 50;
	fn (100);
	print f;
}

50
--------------------------------------------------------------------------------
../../cmd/awk/qseawk --newline=on -o- -f lang-004.awk  </dev/stdin 2>&1 
--------------------------------------------------------------------------------
ERROR: CODE 42 LINE 3 COLUMN 9 - function 'a' redefined
--------------------------------------------------------------------------------
../../cmd/awk/qseawk --implicit=off --explicit=on --newline=on -o- -f lang-005.awk  </dev/stdin 2>&1 
--------------------------------------------------------------------------------
function a (__p0)
{
	print __p0;
}

BEGIN {
	local __l0, __l1;
	{
		__l0 = 50;
		{
			__l1 = 30;
			print __l1;
		}
		print __l0;
	}
	a (100);
}

30
50
100
--------------------------------------------------------------------------------
../../cmd/awk/qseawk --implicit=off --explicit=on --newline=on -o- -f lang-006.awk  </dev/stdin 2>&1 
--------------------------------------------------------------------------------
ERROR: CODE 43 LINE 5 COLUMN 10 - global variable 'a' redefined
--------------------------------------------------------------------------------
../../cmd/awk/qseawk --implicit=on --explicit=on --newline=on -o- -f lang-007.awk  </dev/stdin 2>&1 
--------------------------------------------------------------------------------
global __g17;

function fn ()
{
	a = 20;
	return a;
}

BEGIN {
	__g17 = 30;
	print fn ();
	print __g17;
}

20
30
--------------------------------------------------------------------------------
../../cmd/awk/qseawk --implicit=off --explicit=on --newline=on -o- -f lang-008.awk  </dev/stdin 2>&1 
--------------------------------------------------------------------------------
global x;

BEGIN {
	local __l0, __l1;
	x = 1;
	{
		__l0 = 2;
		{
			__l1 = 3;
			print __l1;
		}
		print __l0;
	}
	print x;
}

3
2
1
--------------------------------------------------------------------------------
../../cmd/awk/qseawk --implicit=off --explicit=on --newline=on --strictnaming=off -o- -f lang-009.awk lang-009.awk </dev/stdin 2>&1 
--------------------------------------------------------------------------------
function a (__p0)
{
	print __p0;
}

BEGIN {
	local __l0;
	__l0 = 20;
}

END {
	a (1000);
}
1000
--------------------------------------------------------------------------------
../../cmd/awk/qseawk --newline=on -o- -f lang-010.awk this is just a test </dev/stdin 2>&1 
--------------------------------------------------------------------------------
BEGIN {
	print "ARGC=",ARGC;
	for (i in ARGV)
	{
		print (("ARGV["   i)   "]"),ARGV[i];
	}
	print "----------------------";
	print "ARGC=",ARGC;
	split ("111 22 333 555 666 777",ARGV);
	for (i in ARGV)
	{
		print (("ARGV["   i)   "]"),ARGV[i];
	}
	if ((ARGC >= 0))
		printf ("ARGC [%++#10.10i] is positive\n",10);
	if ((ARGC >= 0))
		printf ("ARGC [%++#10.10f] is positive\n",10);
	if ((ARGC >= 0))
		printf ("ARGC [%++#10.10E] is positive\n",10124.1123);
	if ((ARGC >= 0))
		printf ("ARGC [%++#10.10G] is positive\n",10124.1123);
	if ((ARGC >= 0))
		printf ("ARGC [%++#10.10g] is positive\n",10124.1123);
	if ((ARGC >= 0))
		printf ("ARGC [%++#10.10f] is positive\n",10124.1123);
	printf ("[%d], [%f], [%s]\n",10124.1123,10124.1123,10124.1123);
	printf ("[%-10c] [% 0*.*d]\n",65,45,48,(-(1)));
	print sprintf ("abc%d %*.*d %c %s %c",10,20,30,40,"good","good",75.34);
}

ARGC= 6
ARGV[0] qseawk
ARGV[1] this
ARGV[2] is
ARGV[3] just
ARGV[4] a
ARGV[5] test
----------------------
ARGC= 6
ARGV[1] 111
ARGV[2] 22
ARGV[3] 333
ARGV[4] 555
ARGV[5] 666
ARGV[6] 777
ARGC [+0000000010] is positive
ARGC [+10.0000000000] is positive
ARGC [+1.0124112300E+04] is positive
ARGC [+10124.11230] is positive
ARGC [+10124.11230] is positive
ARGC [+10124.1123000000] is positive
[10124], [10124.112300], [10124.1]
[A         ] [-000000000000000000000000000000000000000000000001]
abc10 000000000000000000000000000040 g good K
--------------------------------------------------------------------------------
../../cmd/awk/qseawk --newline=on -o- -f lang-011.awk  </dev/stdin 2>&1 
--------------------------------------------------------------------------------
BEGIN {
	a[1,2,3] = 20;
	a[4,5,6] = 30;
	for (i in a)
	{
		n = split (i,k,SUBSEP);
		for (j = 1; (j <= n); (j)++)
		{
			print k[j];
		}
		print "-------------------";
	}
	if (((1,2,3) in a))
	{
		print ("(1,2,3) in a ==> "   a[1,2,3]);
	}
	else
	{
		print "(1,2,3) not in a";
	}
	if (((4,5) in a))
	{
		print ("(4,5) in a ==> "   a[4,5]);
	}
	else
	{
		print "(4,5) not in a";
	}
}

1
2
3
-------------------
4
5
6
-------------------
(1,2,3) in a ==> 20
(4,5) not in a
--------------------------------------------------------------------------------
../../cmd/awk/qseawk --newline=on -o- -f lang-012.awk  </dev/stdin 2>&1 
--------------------------------------------------------------------------------
BEGIN {
	OFS = "		";
	print "1==1 :",(1 == 1);
	print "1==0 :",(1 == 0);
	print "1.0==1 :",(1.0 == 1);
	print "1.1==1 :",(1.1 == 1);
	print "1.0!=1 :",(1.0 != 1);
	print "1.1!=1 :",(1.1 != 1);
	print "\"abc\" == \"abc\"",("abc" == "abc");
	print "\"abc\" != \"abc\"",("abc" != "abc");
	print "--------------------------";
	print "a == \"\" :",(a == "");
	print "a >= \"\" :",(a >= "");
	print "a <= \"\" :",(a <= "");
	print "a >  \"\" :",(a > "");
	print "a <  \"\" :",(a < "");
	print "--------------------------";
	print "a == \" \" :",(a == " ");
	print "a >= \" \" :",(a >= " ");
	print "a <= \" \" :",(a <= " ");
	print "a >  \" \" :",(a > " ");
	print "a <  \" \" :",(a < " ");
	print "--------------------------";
	print "\"\" == a :",("" == a);
	print "\"\" >= a:",("" >= a);
	print "\"\" <= a:",("" <= a);
	print "\"\" >  a:",("" > a);
	print "\"\" <  a:",("" < a);
	print "--------------------------";
	print "\" \" == a :",(" " == a);
	print "\" \" >= a:",(" " >= a);
	print "\" \" <= a:",(" " <= a);
	print "\" \" >  a:",(" " > a);
	print "\" \" <  a:",(" " < a);
	print "--------------------------";
	print "10 == \"10\"",(10 == "10");
	print "10 != \"10\"",(10 != "10");
	print "10 >= \"10\"",(10 >= "10");
	print "10 <= \"10\"",(10 <= "10");
	print "10 >  \"10\"",(10 > "10");
	print "10 <  \"10\"",(10 < "10");
	print "--------------------------";
	print "10 == \"11\"",(10 == "11");
	print "10 != \"11\"",(10 != "11");
	print "10 >= \"11\"",(10 >= "11");
	print "10 <= \"11\"",(10 <= "11");
	print "10 >  \"11\"",(10 > "11");
	print "10 <  \"11\"",(10 < "11");
	print "--------------------------";
	print "11 == \"10\"",(11 == "10");
	print "11 != \"10\"",(11 != "10");
	print "11 >= \"10\"",(11 >= "10");
	print "11 <= \"10\"",(11 <= "10");
	print "11 >  \"10\"",(11 > "10");
	print "11 <  \"10\"",(11 < "10");
	print "--------------------------";
	print "010 == \"8\"",(010 == "8");
	print "010 != \"8\"",(010 != "8");
	print "010 >= \"8\"",(010 >= "8");
	print "010 <= \"8\"",(010 <= "8");
	print "010 >  \"8\"",(010 > "8");
	print "010 <  \"8\"",(010 < "8");
	print "--------------------------";
	print "10 == \"10.0\"",(10 == "10.0");
	print "10 != \"10.0\"",(10 != "10.0");
	print "10 >= \"10.0\"",(10 >= "10.0");
	print "10 <= \"10.0\"",(10 <= "10.0");
	print "10 >  \"10.0\"",(10 > "10.0");
	print "10 <  \"10.0\"",(10 < "10.0");
	print "--------------------------";
	print "10.0 == \"10\"",(10.0 == "10");
	print "10.0 != \"10\"",(10.0 != "10");
	print "10.0 >= \"10\"",(10.0 >= "10");
	print "10.0 <= \"10\"",(10.0 <= "10");
	print "10.0 >  \"10\"",(10.0 > "10");
	print "10.0 <  \"10\"",(10.0 < "10");
	print "--------------------------";
	print "\"10\" == 10.0",("10" == 10.0);
	print "\"10\" != 10.0",("10" != 10.0);
	print "\"10\" >= 10.0",("10" >= 10.0);
	print "\"10\" <= 10.0",("10" <= 10.0);
	print "\"10\" >  10.0",("10" > 10.0);
	print "\"10\" <  10.0",("10" < 10.0);
	print "--------------------------";
	print "\"10\" == 10.1",("10" == 10.1);
	print "\"10\" != 10.1",("10" != 10.1);
	print "\"10\" >= 10.1",("10" >= 10.1);
	print "\"10\" <= 10.1",("10" <= 10.1);
	print "\"10\" >  10.1",("10" > 10.1);
	print "\"10\" <  10.1",("10" < 10.1);
	print (0.234 + 1.01123);
	print 12345678901234567890E20;
	print .123;
	print (+(.123));
	print (-(.123));
	print .123E-;
	print (+(.123E-));
	print (-(.123E-));
	print ((-(.123E-)) + "123");
}

1==1 :		1
1==0 :		0
1.0==1 :		1
1.1==1 :		0
1.0!=1 :		0
1.1!=1 :		1
"abc" == "abc"		1
"abc" != "abc"		0
--------------------------
a == "" :		1
a >= "" :		1
a <= "" :		1
a >  "" :		0
a <  "" :		0
--------------------------
a == " " :		0
a >= " " :		0
a <= " " :		1
a >  " " :		0
a <  " " :		1
--------------------------
"" == a :		1
"" >= a:		1
"" <= a:		1
"" >  a:		0
"" <  a:		0
--------------------------
" " == a :		0
" " >= a:		1
" " <= a:		0
" " >  a:		1
" " <  a:		0
--------------------------
10 == "10"		1
10 != "10"		0
10 >= "10"		1
10 <= "10"		1
10 >  "10"		0
10 <  "10"		0
--------------------------
10 == "11"		0
10 != "11"		1
10 >= "11"		0
10 <= "11"		1
10 >  "11"		0
10 <  "11"		1
--------------------------
11 == "10"		0
11 != "10"		1
11 >= "10"		1
11 <= "10"		0
11 >  "10"		1
11 <  "10"		0
--------------------------
010 == "8"		1
010 != "8"		0
010 >= "8"		1
010 <= "8"		1
010 >  "8"		0
010 <  "8"		0
--------------------------
10 == "10.0"		0
10 != "10.0"		1
10 >= "10.0"		0
10 <= "10.0"		1
10 >  "10.0"		0
10 <  "10.0"		1
--------------------------
10.0 == "10"		1
10.0 != "10"		0
10.0 >= "10"		1
10.0 <= "10"		1
10.0 >  "10"		0
10.0 <  "10"		0
--------------------------
"10" == 10.0		1
"10" != 10.0		0
"10" >= 10.0		1
"10" <= 10.0		1
"10" >  10.0		0
"10" <  10.0		0
--------------------------
"10" == 10.1		0
"10" != 10.1		1
"10" >= 10.1		0
"10" <= 10.1		1
"10" >  10.1		0
"10" <  10.1		1
1.24523
1.23457e+39
0.123
0.123
-0.123
0.123
0.123
-0.123
122.877
--------------------------------------------------------------------------------
../../cmd/awk/qseawk --newline=on -o- -f lang-013.awk  </dev/stdin 2>&1 
--------------------------------------------------------------------------------
BEGIN {
	CONVFMT = "%s";
	printf ("%s\n",10.34);
}

ERROR: CODE 103 LINE 3 COLUMN 2 - recursion detected in format conversion
--------------------------------------------------------------------------------
../../cmd/awk/qseawk --newline=on -o- -f lang-014.awk  </dev/stdin 2>&1 
--------------------------------------------------------------------------------
BEGIN {
	a = (10 + 20);
	b = (10 + 20);
	c = (10 + 20);
	print a,b,c;
}

30 30 30
--------------------------------------------------------------------------------
../../cmd/awk/qseawk --newline=on -o- -f lang-015.awk  </dev/stdin 2>&1 
--------------------------------------------------------------------------------
ERROR: CODE 15 LINE 3 COLUMN 50 - block nested too deeply
--------------------------------------------------------------------------------
../../cmd/awk/qseawk --newline=on -o- -f lang-016.awk  </dev/stdin 2>&1 
--------------------------------------------------------------------------------
BEGIN {
	printf "[[[[[%s]]]]\n",sprintf ("abc %s abc",sprintf ("def %s %s",sprintf ("%s %s %s","xyz",1.2342,"xyz"),sprintf ("ttt %s tttt",123.12)));
	printf "[[[[%s]]]]\n",sprintf ("ttt %s tttt",123.12);
}

[[[[[abc def xyz 1.2342 xyz ttt 123.12 tttt abc]]]]
[[[[ttt 123.12 tttt]]]]
--------------------------------------------------------------------------------
../../cmd/awk/qseawk --newline=on -o- -f lang-017.awk  </dev/stdin 2>&1 
--------------------------------------------------------------------------------
function gety ()
{
	return (y)++;
}

function getx ()
{
	if ((x == 2))
		error ();
	return (x)++;
}

function main ()
{
	x = 0;
	y = 0;
	print (getx () + gety ());
	print (getx () + gety ());
	print (getx () + gety ());
	print (getx () + gety ());
	return 999;
}

function error ()
{
	exit 200;
}

BEGIN {
	main ();
}

END {
	print "END OF PROGRAM";
	return 10;
}
END {
	print "END OF PROGRAM 2";
	exit 100;
}
END {
	print "END OF PROGRAM 3";
	exit 900;
}
0
2
END OF PROGRAM
END OF PROGRAM 2
--------------------------------------------------------------------------------
../../cmd/awk/qseawk --call main --newline=on -o- -f lang-017.awk  </dev/stdin 2>&1 
--------------------------------------------------------------------------------
function gety ()
{
	return (y)++;
}

function getx ()
{
	if ((x == 2))
		error ();
	return (x)++;
}

function main ()
{
	x = 0;
	y = 0;
	print (getx () + gety ());
	print (getx () + gety ());
	print (getx () + gety ());
	print (getx () + gety ());
	return 999;
}

function error ()
{
	exit 200;
}

BEGIN {
	main ();
}

END {
	print "END OF PROGRAM";
	return 10;
}
END {
	print "END OF PROGRAM 2";
	exit 100;
}
END {
	print "END OF PROGRAM 3";
	exit 900;
}
0
2
--------------------------------------------------------------------------------
../../cmd/awk/qseawk --explicit=on --newline=on -o- -f lang-018.awk  </dev/stdin 2>&1 
--------------------------------------------------------------------------------
ERROR: CODE 47 LINE 1 COLUMN 8 - duplicate global variable 'ARGV'
--------------------------------------------------------------------------------
../../cmd/awk/qseawk --explicit=on --newline=on -o- -f lang-019.awk  </dev/stdin 2>&1 
--------------------------------------------------------------------------------
ERROR: CODE 49 LINE 1 COLUMN 15 - '+' not a valid parameter name
--------------------------------------------------------------------------------
../../cmd/awk/qseawk --explicit=on --newline=on -o- -f lang-020.awk  </dev/stdin 2>&1 
--------------------------------------------------------------------------------
ERROR: CODE 50 LINE 1 COLUMN 8 - '+' not a valid variable name
--------------------------------------------------------------------------------
../../cmd/awk/qseawk --explicit=on --newline=on -o- -f lang-021.awk  </dev/stdin 2>&1 
--------------------------------------------------------------------------------
ERROR: CODE 50 LINE 3 COLUMN 8 - '+' not a valid variable name
--------------------------------------------------------------------------------
../../cmd/awk/qseawk --newline=on -o- -f lang-022.awk  </dev/stdin 2>&1 
--------------------------------------------------------------------------------
ERROR: CODE 23 LINE 2 COLUMN 9 - left parenthesis expected in place of '='
--------------------------------------------------------------------------------
../../cmd/awk/qseawk --explicit=on --newline=on -o- -f lang-023.awk  </dev/stdin 2>&1 
--------------------------------------------------------------------------------
ERROR: CODE 28 LINE 5 COLUMN 20 - colon expected in place of ';'
--------------------------------------------------------------------------------
../../cmd/awk/qseawk --explicit=on --newline=on -o- -f lang-024.awk  </dev/stdin 2>&1 
--------------------------------------------------------------------------------
BEGIN {
	local __l0;
	__l0 = 21;
	print ((__l0 > 20))?1:2;
}

1
--------------------------------------------------------------------------------
../../cmd/awk/qseawk --newline=on -o- -f lang-025.awk  </dev/stdin 2>&1 
--------------------------------------------------------------------------------
BEGIN {
	iiiiiiiiiiiiiiiiiiiiiiiiiiiiiiiiiiiiiiiiiiiiiiiiiiiiiiiiiiiiiiiiiiiiiiiiiiiiiiiiiiiiiiiiiiiiiiiiiiiiiiiiiiiiiiiiiiiiiiiiiiiiiiiiiiiiiiiiiiiiiiiiiiiiiiiiiiiiiiiiiiiiiiiiiiiiiiiiiiiiiiiiiiiiiiiiiiiiiiiiiiiiiiiiiiiiiiiiiiiiiiiiiiiiix = 20;
	delete iiiiiiiiiiiiiiiiiiiiiiiiiiiiiiiiiiiiiiiiiiiiiiiiiiiiiiiiiiiiiiiiiiiiiiiiiiiiiiiiiiiiiiiiiiiiiiiiiiiiiiiiiiiiiiiiiiiiiiiiiiiiiiiiiiiiiiiiiiiiiiiiiiiiiiiiiiiiiiiiiiiiiiiiiiiiiiiiiiiiiiiiiiiiiiiiiiiiiiiiiiiiiiiiiiiiiiiiiiiiiiiiiiiiix;
}

ERROR: CODE 78 LINE 3 COLUMN 9 - variable 'iiiiiiiiiiiiiiiiiiiiiiiiiiiiiiiiiiiiiiiiiiiiiiiiiiiiiiiiiiiiiiiiiiiiiiiiiiiiiiiiiiiiiiiiiiiiiiiiiiiiiiiiiiiiiiiiiiiiiiiiiiiiiiiiiiiiiiiiiiiiiiiiiiiiiiiiiiiiiiiiiiiiiiiiiiiiiiiiiiiiiiiiiiiiiiiiiiiiiiiiiiiiiiiiiiiiiiiiiiiiiiiiiiiiix' not deletable
--------------------------------------------------------------------------------
../../cmd/awk/qseawk --newline=on -o- -f lang-026.awk  </dev/stdin 2>&1 
--------------------------------------------------------------------------------
BEGIN {
	abc[20] = "abc";
	print abc[20];
	abc = 10;
	print abc;
}

abc
ERROR: CODE 86 LINE 4 COLUMN 2 - map 'abc' not assignable with a scalar
--------------------------------------------------------------------------------
../../cmd/awk/qseawk --newline=on -o- -f lang-027.awk  </dev/stdin 2>&1 
--------------------------------------------------------------------------------
ERROR: CODE 17 LINE 2 COLUMN 1 - invalid character '<NUL>'
--------------------------------------------------------------------------------
../../cmd/awk/qseawk --newline=on -o- -f lang-028.awk  </dev/stdin 2>&1 
--------------------------------------------------------------------------------
ERROR: CODE 41 LINE 2 COLUMN 10 - intrinsic function 'substr' redefined
--------------------------------------------------------------------------------
../../cmd/awk/qseawk --explicit=on --newline=on -o- -f lang-029.awk  </dev/stdin 2>&1 
--------------------------------------------------------------------------------
ERROR: CODE 42 LINE 9 COLUMN 9 - function 'abc' redefined
--------------------------------------------------------------------------------
../../cmd/awk/qseawk --newline=on -o- -f lang-030.awk  </dev/stdin 2>&1 
--------------------------------------------------------------------------------
BEGIN {
	print (1 + 0);
	print (0B11111111 + 0);
	print (10 + 0);
	print (0x10 + 0);
	print (0b00000010 + 0);
	print (0b + 0);
	print (0x + 0);
	print "-----------------------";
	print ((+(1)) + 0);
	print ((+(0B11111111)) + 0);
	print ((+(10)) + 0);
	print ((+(0x10)) + 0);
	print ((+(0b00000010)) + 0);
	print ((+(0b)) + 0);
	print ((+(0x)) + 0);
	print "-----------------------";
	print ((-(1)) + 0);
	print ((-(0B11111111)) + 0);
	print ((-(10)) + 0);
	print ((-(0x10)) + 0);
	print ((-(0b00000010)) + 0);
	print ((-(0b)) + 0);
	print ((-(0x)) + 0);
}

1
255
10
16
2
0
0
-----------------------
1
255
10
16
2
0
0
-----------------------
-1
-255
-10
-16
-2
0
0
--------------------------------------------------------------------------------
../../cmd/awk/qseawk --newline=on -o- -f lang-031.awk  </dev/stdin 2>&1 
--------------------------------------------------------------------------------
BEGIN {
	print match ("hhhheeeo",/e+/);
	print RSTART,RLENGTH;
	print match ("heeeo",/e/);
	print RSTART,RLENGTH;
	print match ("heeeo",/t/);
	print RSTART,RLENGTH;
	print "--------------------------";
	print match ("hhhheeeo","e+");
	print RSTART,RLENGTH;
	print match ("heeeo","e");
	print RSTART,RLENGTH;
	print match ("heeeo","t");
	print RSTART,RLENGTH;
	print "--------------------------";
}

5
5 3
2
2 1
0
0 -1
--------------------------
5
5 3
2
2 1
0
0 -1
--------------------------
--------------------------------------------------------------------------------
../../cmd/awk/qseawk --newline=on -o- -f lang-032.awk  </dev/stdin 2>&1 
--------------------------------------------------------------------------------
BEGIN {
	a = 91;
	print ((a)++   10);
	print ((a)++   10);
	print ((a)++   10);
	print ((a)++   10);
	print ((a)++   10);
	print "---------------------";
	a = 91;
	print (++(a)   10);
}

9110
9210
9310
9410
9510
---------------------
9210
--------------------------------------------------------------------------------
../../cmd/awk/qseawk --newline=on -o- -f lang-033.awk  </dev/stdin 2>&1 
--------------------------------------------------------------------------------
BEGIN {
	while ((("cat lang-033.awk" | getline x) > 0))
		print x;
}

BEGIN {
	while ("cat lang-033.awk" | getline x > 0) 
		print x
}
--------------------------------------------------------------------------------
../../cmd/awk/qseawk --newline=on --rwpipe=on -o- -f lang-034.awk  </dev/stdin 2>&1 
--------------------------------------------------------------------------------
BEGIN {
	print "15" || "sort";
	print "14" || "sort";
	print "13" || "sort";
	print "12" || "sort";
	print "11" || "sort";
	close ("sort","r");
	print "-----";
	while ((("sort" || getline x) > 0))
		print "xx:",x;
}

-----
xx: 11
xx: 12
xx: 13
xx: 14
xx: 15
--------------------------------------------------------------------------------
../../cmd/awk/qseawk --newline=on -o- -vdatafile=lang-035.dat1 -vgroupname=lang-035 -f lang-035.awk lang-035.dat2 </dev/stdin 2>&1 
--------------------------------------------------------------------------------
BEGIN {
	max_cid_vars = 100;
	first = 1;
	while (((getline x < datafile) > 0))
	{
		if (first)
		{
			first = 0;
			continue;
		}
		n = split (x,f,",");
		if ((n < 3))
			continue;
		if ((f[3] == ""))
			continue;
		for (suffix = 0; (suffix < max_cid_vars); (suffix)++)
		{
			oldval = tab[f[2],suffix];
			if ((oldval == ""))
			{
				tab[f[2],suffix] = f[3];
				break;
			}
		}
	}
}

/^lease[[:space:]]+.+[[:space:]]*{[[:space:]]*$/ {
	voice_no = 0;
}

{
	if ((($1 == "option") && ($2 == "agent.circuit-id")))
	{
		pos = index ($0,"agent.circuit-id ");
		len = length ($0);
		last = substr ($0,len,1);
		adj = 0;
		if ((last != ";"))
			(adj)++;
		cid = substr ($0,(pos + 17),(length ($0) - ((pos + 17) + adj)));
		for (suffix = 0; (suffix < max_cid_vars); (suffix)++)
		{
			val = tab[cid,suffix];
			if ((val == ""))
				break;
			print (((("  info awk.voice-no-"   voice_no)   " ")   val)   ";");
			(voice_no)++;
		}
	}
	print $0;
	if ((($1 == "hardware") && ($2 == "ethernet")))
	{
		print (("  info awk.groupname \""   groupname)   "\";");
	}
}

# The format of this file is documented in the dhcpd.leases(5) manual page.
# This lease file was written by isc-dhcp-V3.1.1

lease 20.1.20.52 {
  starts 5 2009/08/07 08:33:03;
  ends 5 2009/08/07 08:38:14;
  tstp 5 2009/08/07 08:38:14;
  cltt 5 2009/08/07 08:33:03;
  binding state free;
  hardware ethernet 00:13:5e:4f:d2:d3;
  info awk.groupname "lang-035";
}
lease 20.1.20.57 {
  starts 1 2009/08/10 09:04:12;
  ends 2 2009/08/11 09:04:12;
  cltt 1 2009/08/10 09:04:12;
  binding state active;
  next binding state free;
  hardware ethernet 00:13:5e:50:23:6b;
  info awk.groupname "lang-035";
  info awk.voice-no-0 "68599021";
  option agent.circuit-id "BLM1500_AR3_ILAB ONT/9/1/1 /0.0";
  option agent.unknown-9 0:0:0:c1:8:45:52:49:43:53:53:4f:4e;
}
lease 20.1.20.54 {
  starts 1 2009/08/10 09:04:16;
  ends 2 2009/08/11 09:04:16;
  cltt 1 2009/08/10 09:04:16;
  binding state active;
  next binding state free;
  hardware ethernet 00:13:5e:50:25:aa;
  info awk.groupname "lang-035";
  info awk.voice-no-0 "68599011";
  option agent.circuit-id "BLM1500_AR3_ILAB ONT/9/1/2 /0.0";
  option agent.unknown-9 0:0:0:c1:8:45:52:49:43:53:53:4f:4e;
}
lease 20.1.20.55 {
  starts 1 2009/08/10 13:53:08;
  ends 2 2009/08/11 13:53:08;
  cltt 1 2009/08/10 13:53:08;
  binding state active;
  next binding state free;
  hardware ethernet 00:13:5e:50:20:af;
  info awk.groupname "lang-035";
  info awk.voice-no-0 "68599012";
  option agent.circuit-id "BLM1500_AR3_ILAB ONT/9/2/1 /0.0";
  option agent.unknown-9 0:0:0:c1:8:45:52:49:43:53:53:4f:4e;
}
lease 20.1.20.56 {
  starts 1 2009/08/10 13:53:42;
  ends 2 2009/08/11 13:53:42;
  cltt 1 2009/08/10 13:53:42;
  binding state active;
  next binding state free;
  hardware ethernet 00:13:5e:50:20:29;
  info awk.groupname "lang-035";
  info awk.voice-no-0 "68599022";
  option agent.circuit-id "BLM1500_AR3_ILAB ONT/9/2/2 /0.0";
  option agent.unknown-9 0:0:0:c1:8:45:52:49:43:53:53:4f:4e;
}
lease 10.218.255.53 {
  starts 5 2009/08/07 08:18:04;
  ends 5 2009/08/07 08:28:04;
  tstp 5 2009/08/07 08:28:04;
  cltt 5 2009/08/07 08:18:04;
  binding state free;
  hardware ethernet 00:1b:5b:9c:4f:7d;
  info awk.groupname "lang-035";
  uid "\001\000\033[\234O}";
}
lease 10.218.255.54 {
  starts 5 2009/08/07 08:32:37;
  ends 5 2009/08/07 08:42:37;
  tstp 5 2009/08/07 08:42:37;
  cltt 5 2009/08/07 08:32:37;
  binding state free;
  hardware ethernet 00:1b:5b:9c:1b:35;
  info awk.groupname "lang-035";
  uid "\001\000\033[\234\0335";
}
lease 10.218.255.59 {
  starts 5 2009/08/07 10:39:01;
  ends 6 2009/08/08 10:29:45;
  tstp 6 2009/08/08 10:29:45;
  cltt 5 2009/08/07 10:39:01;
  binding state free;
  hardware ethernet 00:1f:b3:79:7e:30;
  info awk.groupname "lang-035";
  uid "\001\000\037\263y~0";
}
lease 10.218.255.58 {
  starts 0 2009/08/09 14:21:00;
  ends 1 2009/08/10 09:13:42;
  tstp 1 2009/08/10 09:13:42;
  cltt 0 2009/08/09 14:21:00;
  binding state free;
  hardware ethernet 00:19:e4:43:0e:c8;
  info awk.groupname "lang-035";
  uid "\001\000\031\344C\016\310";
}
lease 10.218.255.55 {
  starts 1 2009/08/10 09:02:31;
  ends 2 2009/08/11 09:02:31;
  cltt 1 2009/08/10 09:02:31;
  binding state active;
  next binding state free;
  hardware ethernet 00:1b:5b:9c:90:00;
  info awk.groupname "lang-035";
  uid "\001\000\033[\234\220\000";
  info awk.voice-no-0 "68599019";
  info awk.voice-no-1 "68599014";
  option agent.circuit-id "AR_Remote atm 1/1/03/12:2.100";
  option agent.remote-id "22M-fast";
}
lease 10.218.255.52 {
  starts 1 2009/08/10 09:04:04;
  ends 2 2009/08/11 09:04:04;
  cltt 1 2009/08/10 09:04:04;
  binding state active;
  next binding state free;
  hardware ethernet 00:1b:5b:9c:81:35;
  info awk.groupname "lang-035";
  uid "\001\000\033[\234\2015";
}
lease 10.218.255.56 {
  starts 1 2009/08/10 09:06:09;
  ends 2 2009/08/11 09:06:09;
  cltt 1 2009/08/10 09:06:09;
  binding state active;
  next binding state free;
  hardware ethernet 00:1e:c7:fb:29:7d;
  info awk.groupname "lang-035";
  uid "\001\000\036\307\373)}";
}
lease 10.218.255.57 {
  starts 1 2009/08/10 09:14:33;
  ends 2 2009/08/11 09:14:33;
  cltt 1 2009/08/10 09:14:33;
  binding state active;
  next binding state free;
  hardware ethernet 00:1e:c7:fb:29:4d;
  info awk.groupname "lang-035";
  uid "\001\000\036\307\373)M";
}
lease 10.218.255.66 {
  starts 1 2009/08/10 13:57:24;
  ends 2 2009/08/11 13:57:24;
  cltt 1 2009/08/10 13:57:24;
  binding state active;
  next binding state free;
  hardware ethernet 00:1a:04:f9:e2:90;
  info awk.groupname "lang-035";
  uid "\001\000\032\004\371\342\220";
  info awk.voice-no-0 "68599018";
  option agent.circuit-id "AR_Remote atm 1/1/03/02:2.100";
  option agent.remote-id "3play";
}
lease 10.218.255.60 {
  starts 1 2009/08/10 17:25:17;
  ends 2 2009/08/11 17:25:17;
  cltt 1 2009/08/10 17:25:17;
  binding state active;
  next binding state free;
  hardware ethernet 00:1e:c7:fb:29:1d;
  info awk.groupname "lang-035";
  uid "\001\000\036\307\373)\035";
  info awk.voice-no-0 "68599017";
  info awk.voice-no-1 "68599013";
  option agent.circuit-id "AL_AM3_LAB atm 1/1/01/01:2.100";
  option agent.remote-id "Testing DHCP";
}
# The format of this file is documented in the dhcpd.leases(5) manual page.
# This lease file was written by isc-dhcp-V3.1.1

lease 10.218.255.151 {
  starts 5 2009/08/07 08:09:38;
  ends 5 2009/08/07 08:13:59;
  tstp 5 2009/08/07 08:13:59;
  cltt 5 2009/08/07 08:09:38;
  binding state free;
  hardware ethernet 00:1b:5b:9c:90:00;
  info awk.groupname "lang-035";
  uid "\001\000\033[\234\220\000";
}
--------------------------------------------------------------------------------
../../cmd/awk/qseawk --newline=on -o- -f lang-036.awk lang-036.dat </dev/stdin 2>&1 
--------------------------------------------------------------------------------
{
	if (($0 ~ /^-+$/))
	{
		(getline x);
		printf " %s\n",x;
		nobar = 0;
	}
	else
	{
		if (nobar)
			printf "\n";
		printf "%s",$0;
		nobar = 1;
	}
}

ab...c AAA

de...f
gh...i AAA1

jk...l
mn...o
pq...r AAA2



kbs ddd
dif cccc
--------------------------------------------------------------------------------
../../cmd/awk/qseawk --newline=on -o- -f lang-037.awk lang-037.dat </dev/stdin 2>&1 
--------------------------------------------------------------------------------
BEGIN {
	RS = "\n-+\n";
	first = 1;
}

{
	if ((!(first)))
		printf " ";
	printf "%s",$0;
	first = 0;
}

ab...c AAA

de...f
gh...i AAA1

jk...l
mn...o
pq...r AAA2



kbs ddd
dif cccc
--------------------------------------------------------------------------------
../../cmd/awk/qseawk  -f quicksort.awk quicksort.dat </dev/stdin 2>&1 
--------------------------------------------------------------------------------
0.0000000000
0.11111111111111111111111111111
1
0xA
11.2839091
12
29
0b11111
34
35
92
301
493
19123
1.E12
99X
--------------------------------------------------------------------------------
../../cmd/awk/qseawk  -f quicksort2.awk quicksort2.dat </dev/stdin 2>&1 
--------------------------------------------------------------------------------
0.0000000000
0.11111111111111111111111111111
1
0xA
11.2839091
12
29
0b11111
34
35
92
301
493
19123
1.E12
99X
--------------------------------------------------------------------------------
../../cmd/awk/qseawk  -f asm.awk asm.s <asm.dat 2>&1 
--------------------------------------------------------------------------------
549
--------------------------------------------------------------------------------
../../cmd/awk/qseawk  -f stripcomment.awk stripcomment.dat </dev/stdin 2>&1 
--------------------------------------------------------------------------------
 

#include <stdio.h>
int main ()
{
	 
	printf ("hello, world\n");
	return 0;
}
--------------------------------------------------------------------------------
../../cmd/awk/qseawk  -f wordfreq.awk wordfreq.awk </dev/stdin 2>&1 
--------------------------------------------------------------------------------
distinctions 1
list 1
0 3
1 1
end 1
punctuation 1
blank 2
remove 2
freq 3
for 2
_ 2
a 2
in 1
i 4
word 4
nf 1
of 1
gsub 2
tolower 1
alnum 2
wordfreq 1
awk 1
print 2
frequencies 1
case 1
--------------------------------------------------------------------------------
../../cmd/awk/qseawk  -f hanoi.awk  </dev/stdin 2>&1 
--------------------------------------------------------------------------------
0 54321
1 
2 

0 5432
1 1
2 

0 543
1 1
2 2

0 543
1 
2 21

0 54
1 3
2 21

0 541
1 3
2 2

0 541
1 32
2 

0 54
1 321
2 

0 5
1 321
2 4

0 5
1 32
2 41

0 52
1 3
2 41

0 521
1 3
2 4

0 521
1 
2 43

0 52
1 1
2 43

0 5
1 1
2 432

0 5
1 
2 4321

0 
1 5
2 4321

0 1
1 5
2 432

0 1
1 52
2 43

0 
1 521
2 43

0 3
1 521
2 4

0 3
1 52
2 41

0 32
1 5
2 41

0 321
1 5
2 4

0 321
1 54
2 

0 32
1 541
2 

0 3
1 541
2 2

0 3
1 54
2 21

0 
1 543
2 21

0 1
1 543
2 2

0 1
1 5432
2 

0 
1 54321
2 

--------------------------------------------------------------------------------
../../cmd/awk/qseawk  -f indent.awk indent.dat </dev/stdin 2>&1 
--------------------------------------------------------------------------------
#!/bin/sh

if [ $# -ne 0 ]
then
    echo  "not the right usage"
    exit 1
fi

while true
do
    sleep 20
done
